Build started 10/27/2014 11:37:00 AM.
     1>Project "C:\Users\rethe_000\Documents\Visual Studio 2013\Projects\Tower Defence\Tower Defence\Tower Defence.vcxproj" on node 2 (Build target(s)).
     1>ClCompile:
         C:\Program Files (x86)\Microsoft Visual Studio 12.0\VC\bin\CL.exe /c /I"C:\SFML-2.1-vs13\include" /ZI /nologo /W3 /WX- /sdl /Od /Oy- /D WIN32 /D _DEBUG /D _CONSOLE /D _LIB /D _UNICODE /D UNICODE /Gm /EHsc /RTC1 /MDd /GS /fp:precise /Zc:wchar_t /Zc:forScope /Fo"Debug\\" /Fd"Debug\vc120.pdb" /Gd /TP /analyze- /errorReport:prompt Map.cpp
         Map.cpp
     1>c:\users\rethe_000\documents\visual studio 2013\projects\tower defence\tower defence\map.cpp(120): warning C4244: 'argument' : conversion from 'int' to 'float', possible loss of data
     1>c:\users\rethe_000\documents\visual studio 2013\projects\tower defence\tower defence\map.cpp(126): warning C4244: 'argument' : conversion from 'int' to 'float', possible loss of data
     1>c:\users\rethe_000\documents\visual studio 2013\projects\tower defence\tower defence\map.cpp(127): warning C4244: 'argument' : conversion from 'int' to 'float', possible loss of data
     1>c:\users\rethe_000\documents\visual studio 2013\projects\tower defence\tower defence\map.cpp(132): warning C4244: 'argument' : conversion from 'int' to 'float', possible loss of data
     1>c:\users\rethe_000\documents\visual studio 2013\projects\tower defence\tower defence\map.cpp(133): warning C4244: 'argument' : conversion from 'int' to 'float', possible loss of data
     1>c:\users\rethe_000\documents\visual studio 2013\projects\tower defence\tower defence\map.cpp(138): warning C4244: 'argument' : conversion from 'int' to 'float', possible loss of data
     1>c:\users\rethe_000\documents\visual studio 2013\projects\tower defence\tower defence\map.cpp(139): warning C4244: 'argument' : conversion from 'int' to 'float', possible loss of data
     1>c:\users\rethe_000\documents\visual studio 2013\projects\tower defence\tower defence\map.cpp(105): warning C4101: 'randNum' : unreferenced local variable
     1>c:\users\rethe_000\documents\visual studio 2013\projects\tower defence\tower defence\map.cpp(101): warning C4715: 'Map::getTile' : not all control paths return a value
       Link:
         C:\Program Files (x86)\Microsoft Visual Studio 12.0\VC\bin\link.exe /ERRORREPORT:PROMPT /OUT:"C:\Users\rethe_000\Documents\Visual Studio 2013\Projects\Tower Defence\Debug\Tower Defence.exe" /INCREMENTAL /NOLOGO /LIBPATH:"C:\SFML-2.1-vs13\Libs\Debug" "sfml-audio-d.lib" "sfml-graphics-d.lib" "sfml-main-d.lib" "sfml-network-d.lib" "sfml-system-d.lib" "sfml-window-d.lib" kernel32.lib user32.lib gdi32.lib winspool.lib comdlg32.lib advapi32.lib shell32.lib ole32.lib oleaut32.lib uuid.lib odbc32.lib odbccp32.lib kernel32.lib user32.lib gdi32.lib winspool.lib comdlg32.lib advapi32.lib shell32.lib ole32.lib oleaut32.lib uuid.lib odbc32.lib odbccp32.lib /MANIFEST /MANIFESTUAC:"level='asInvoker' uiAccess='false'" /manifest:embed /DEBUG /PDB:"C:\Users\rethe_000\Documents\Visual Studio 2013\Projects\Tower Defence\Debug\Tower Defence.pdb" /SUBSYSTEM:CONSOLE /TLBID:1 /DYNAMICBASE /NXCOMPAT /IMPLIB:"C:\Users\rethe_000\Documents\Visual Studio 2013\Projects\Tower Defence\Debug\Tower Defence.lib" /MACHINE:X86 Debug\Creep.obj
         Debug\main.obj
         Debug\Map.obj
         Debug\TextureManager.obj
         Debug\Tower.obj
         Tower Defence.vcxproj -> C:\Users\rethe_000\Documents\Visual Studio 2013\Projects\Tower Defence\Debug\Tower Defence.exe
     1>Done Building Project "C:\Users\rethe_000\Documents\Visual Studio 2013\Projects\Tower Defence\Tower Defence\Tower Defence.vcxproj" (Build target(s)).

Build succeeded.

Time Elapsed 00:00:00.97
